0 info it worked if it ends with ok
1 verbose cli [ 'C:\\Program Files\\nodejs\\node.exe',
1 verbose cli   'C:\\Program Files\\nodejs\\node_modules\\npm\\bin\\npm-cli.js',
1 verbose cli   'run',
1 verbose cli   'deploy' ]
2 info using npm@3.10.10
3 info using node@v6.11.1
4 verbose run-script [ 'predeploy', 'deploy', 'postdeploy' ]
5 info lifecycle HankAaronRunsBattedIn@1.0.0~predeploy: HankAaronRunsBattedIn@1.0.0
6 silly lifecycle HankAaronRunsBattedIn@1.0.0~predeploy: no script for predeploy, continuing
7 info lifecycle HankAaronRunsBattedIn@1.0.0~deploy: HankAaronRunsBattedIn@1.0.0
8 verbose lifecycle HankAaronRunsBattedIn@1.0.0~deploy: unsafe-perm in lifecycle true
9 verbose lifecycle HankAaronRunsBattedIn@1.0.0~deploy: PATH: C:\Program Files\nodejs\node_modules\npm\bin\node-gyp-bin;C:\Users\isimon\Desktop\Bloc\Hank Aaron RBIs\node_modules\.bin;C:\Users\isimon\AppData\Roaming\npm;C:\Program Files\nodejs\;C:\Windows\system32;C:\Windows;C:\Windows\System32\Wbem;C:\Windows\System32\WindowsPowerShell\v1.0\;C:\Program Files (x86)\Hewlett-Packard\HP ProtectTools Security Manager\Bin\;C:\Program Files (x86)\Skype\Phone\;C:\Program Files\Git\cmd;C:\Program Files\nodejs\;C:\Program Files\Amazon\AWSCLI\;C:\RailsInstaller\Git\cmd;C:\RailsInstaller\Ruby2.3.0\bin;C:\Users\isimon\AppData\Roaming\npm;C:\Program Files\Heroku\bin;C:\Program Files\7-Zip
10 verbose lifecycle HankAaronRunsBattedIn@1.0.0~deploy: CWD: C:\Users\isimon\Desktop\Bloc\Hank Aaron RBIs
11 silly lifecycle HankAaronRunsBattedIn@1.0.0~deploy: Args: [ '/d /s /c', 'npm run zip && npm run upload' ]
12 silly lifecycle HankAaronRunsBattedIn@1.0.0~deploy: Returned: code: 1  signal: null
13 info lifecycle HankAaronRunsBattedIn@1.0.0~deploy: Failed to exec deploy script
14 verbose stack Error: HankAaronRunsBattedIn@1.0.0 deploy: `npm run zip && npm run upload`
14 verbose stack Exit status 1
14 verbose stack     at EventEmitter.<anonymous> (C:\Program Files\nodejs\node_modules\npm\lib\utils\lifecycle.js:255:16)
14 verbose stack     at emitTwo (events.js:106:13)
14 verbose stack     at EventEmitter.emit (events.js:191:7)
14 verbose stack     at ChildProcess.<anonymous> (C:\Program Files\nodejs\node_modules\npm\lib\utils\spawn.js:40:14)
14 verbose stack     at emitTwo (events.js:106:13)
14 verbose stack     at ChildProcess.emit (events.js:191:7)
14 verbose stack     at maybeClose (internal/child_process.js:891:16)
14 verbose stack     at Process.ChildProcess._handle.onexit (internal/child_process.js:226:5)
15 verbose pkgid HankAaronRunsBattedIn@1.0.0
16 verbose cwd C:\Users\isimon\Desktop\Bloc\Hank Aaron RBIs
17 error Windows_NT 6.1.7601
18 error argv "C:\\Program Files\\nodejs\\node.exe" "C:\\Program Files\\nodejs\\node_modules\\npm\\bin\\npm-cli.js" "run" "deploy"
19 error node v6.11.1
20 error npm  v3.10.10
21 error code ELIFECYCLE
22 error HankAaronRunsBattedIn@1.0.0 deploy: `npm run zip && npm run upload`
22 error Exit status 1
23 error Failed at the HankAaronRunsBattedIn@1.0.0 deploy script 'npm run zip && npm run upload'.
23 error Make sure you have the latest version of node.js and npm installed.
23 error If you do, this is most likely a problem with the HankAaronRunsBattedIn package,
23 error not with npm itself.
23 error Tell the author that this fails on your system:
23 error     npm run zip && npm run upload
23 error You can get information on how to open an issue for this project with:
23 error     npm bugs HankAaronRunsBattedIn
23 error Or if that isn't available, you can get their info via:
23 error     npm owner ls HankAaronRunsBattedIn
23 error There is likely additional logging output above.
24 verbose exit [ 1, true ]
